{
  "stats": {
    "suites": 1,
    "tests": 2,
    "passes": 2,
    "pending": 0,
    "failures": 0,
    "start": "2025-04-28T09:58:20.204Z",
    "end": "2025-04-28T09:58:22.144Z",
    "duration": 1940,
    "testsRegistered": 2,
    "passPercent": 100,
    "pendingPercent": 0,
    "other": 0,
    "hasOther": false,
    "skipped": 0,
    "hasSkipped": false
  },
  "results": [
    {
      "uuid": "bd98991b-30c2-4f67-98d4-5765fc41d4a5",
      "title": "",
      "fullFile": "cypress\\tests\\components\\footerTest.js",
      "file": "cypress\\tests\\components\\footerTest.js",
      "beforeHooks": [],
      "afterHooks": [],
      "tests": [],
      "suites": [
        {
          "uuid": "df42f3e3-988c-4e4e-871d-aa60659f2085",
          "title": "Footer Component Test",
          "fullFile": "",
          "file": "",
          "beforeHooks": [],
          "afterHooks": [],
          "tests": [
            {
              "title": "Test for about us column",
              "fullTitle": "Footer Component Test Test for about us column",
              "timedOut": null,
              "duration": 1328,
              "state": "passed",
              "speed": "fast",
              "pass": true,
              "fail": false,
              "pending": false,
              "context": null,
              "code": "const expectedAboutUsData = {\n  \"header\": \"About Us\",\n  \"desc\": \"We believe performance needs to be validated at every stage of the software development cycle and our open source compatible, massively scalable platform makes that a reality.\"\n};\nfooterComp.getAboutUsData().then(actualAboutUsData => {\n  cy.log(JSON.stringify(actualAboutUsData));\n  cy.wrap('').then(() => {\n    expect(actualAboutUsData).to.eql(expectedAboutUsData);\n  });\n});",
              "err": {},
              "uuid": "d4d49fd0-dcdd-4e70-aadb-06eca7076a01",
              "parentUUID": "df42f3e3-988c-4e4e-871d-aa60659f2085",
              "isHook": false,
              "skipped": false
            },
            {
              "title": "Test for contact us column",
              "fullTitle": "Footer Component Test Test for contact us column",
              "timedOut": null,
              "duration": 429,
              "state": "passed",
              "speed": "fast",
              "pass": true,
              "fail": false,
              "pending": false,
              "context": null,
              "code": "const expectedContactUsData = {\n  header: \"Get in Touch\",\n  address: \"2390 El Camino Real\",\n  Phone: \"+440 123456 \",\n  Email: \"demo@blazemeter.com \"\n};\nfooterComp.getContactUsData().then(actualContactUsData => {\n  cy.wrap('').then(() => {\n    expect(actualContactUsData.header).to.equal(expectedContactUsData.header);\n    expect(actualContactUsData.desc).to.contains(expectedContactUsData.address);\n    expect(actualContactUsData.desc).to.contains(expectedContactUsData.Phone);\n    expect(actualContactUsData.desc).to.contains(expectedContactUsData.Email);\n  });\n});",
              "err": {},
              "uuid": "1d6efae7-8838-46bd-b071-3624d5ca2398",
              "parentUUID": "df42f3e3-988c-4e4e-871d-aa60659f2085",
              "isHook": false,
              "skipped": false
            }
          ],
          "suites": [],
          "passes": [
            "d4d49fd0-dcdd-4e70-aadb-06eca7076a01",
            "1d6efae7-8838-46bd-b071-3624d5ca2398"
          ],
          "failures": [],
          "pending": [],
          "skipped": [],
          "duration": 1757,
          "root": false,
          "rootEmpty": false,
          "_timeout": 2000
        }
      ],
      "passes": [],
      "failures": [],
      "pending": [],
      "skipped": [],
      "duration": 0,
      "root": true,
      "rootEmpty": true,
      "_timeout": 2000
    }
  ],
  "meta": {
    "mocha": {
      "version": "7.2.0"
    },
    "mochawesome": {
      "options": {
        "quiet": false,
        "reportFilename": "mochawesome",
        "saveHtml": false,
        "saveJson": true,
        "consoleReporter": "spec",
        "useInlineDiffs": false,
        "code": true
      },
      "version": "7.1.3"
    },
    "marge": {
      "options": {
        "reportDir": "results",
        "overwrite": false,
        "html": false,
        "json": true
      },
      "version": "6.2.0"
    }
  }
}