{
  "stats": {
    "suites": 1,
    "tests": 3,
    "passes": 3,
    "pending": 0,
    "failures": 0,
    "start": "2025-04-28T09:58:29.203Z",
    "end": "2025-04-28T09:58:34.793Z",
    "duration": 5590,
    "testsRegistered": 3,
    "passPercent": 100,
    "pendingPercent": 0,
    "other": 0,
    "hasOther": false,
    "skipped": 0,
    "hasSkipped": false
  },
  "results": [
    {
      "uuid": "fb72f95f-1282-4785-846c-a7d9c467188d",
      "title": "",
      "fullFile": "cypress\\tests\\components\\homePageCategoryTest.js",
      "file": "cypress\\tests\\components\\homePageCategoryTest.js",
      "beforeHooks": [],
      "afterHooks": [],
      "tests": [],
      "suites": [
        {
          "uuid": "5ff22a00-c072-48c2-97ef-b5f77dad44b0",
          "title": "Homepage Category Test",
          "fullFile": "",
          "file": "",
          "beforeHooks": [],
          "afterHooks": [],
          "tests": [
            {
              "title": "shuold be able to filter phone products",
              "fullTitle": "Homepage Category Test shuold be able to filter phone products",
              "timedOut": null,
              "duration": 2461,
              "state": "passed",
              "speed": "fast",
              "pass": true,
              "fail": false,
              "pending": false,
              "context": null,
              "code": "verifycategoryFilterBy(`${product}`);",
              "err": {},
              "uuid": "2b69f9ab-e480-4ade-8dcc-6d609c932bb1",
              "parentUUID": "5ff22a00-c072-48c2-97ef-b5f77dad44b0",
              "isHook": false,
              "skipped": false
            },
            {
              "title": "shuold be able to filter notebook products",
              "fullTitle": "Homepage Category Test shuold be able to filter notebook products",
              "timedOut": null,
              "duration": 1601,
              "state": "passed",
              "speed": "fast",
              "pass": true,
              "fail": false,
              "pending": false,
              "context": null,
              "code": "verifycategoryFilterBy(`${product}`);",
              "err": {},
              "uuid": "c20be60c-25e4-44bb-858c-263cd0205e12",
              "parentUUID": "5ff22a00-c072-48c2-97ef-b5f77dad44b0",
              "isHook": false,
              "skipped": false
            },
            {
              "title": "shuold be able to filter monitor products",
              "fullTitle": "Homepage Category Test shuold be able to filter monitor products",
              "timedOut": null,
              "duration": 1358,
              "state": "passed",
              "speed": "fast",
              "pass": true,
              "fail": false,
              "pending": false,
              "context": null,
              "code": "verifycategoryFilterBy(`${product}`);",
              "err": {},
              "uuid": "62dbc727-1d46-4b44-8b3a-c45bb46e10e8",
              "parentUUID": "5ff22a00-c072-48c2-97ef-b5f77dad44b0",
              "isHook": false,
              "skipped": false
            }
          ],
          "suites": [],
          "passes": [
            "2b69f9ab-e480-4ade-8dcc-6d609c932bb1",
            "c20be60c-25e4-44bb-858c-263cd0205e12",
            "62dbc727-1d46-4b44-8b3a-c45bb46e10e8"
          ],
          "failures": [],
          "pending": [],
          "skipped": [],
          "duration": 5420,
          "root": false,
          "rootEmpty": false,
          "_timeout": 2000
        }
      ],
      "passes": [],
      "failures": [],
      "pending": [],
      "skipped": [],
      "duration": 0,
      "root": true,
      "rootEmpty": true,
      "_timeout": 2000
    }
  ],
  "meta": {
    "mocha": {
      "version": "7.2.0"
    },
    "mochawesome": {
      "options": {
        "quiet": false,
        "reportFilename": "mochawesome",
        "saveHtml": false,
        "saveJson": true,
        "consoleReporter": "spec",
        "useInlineDiffs": false,
        "code": true
      },
      "version": "7.1.3"
    },
    "marge": {
      "options": {
        "reportDir": "results",
        "overwrite": false,
        "html": false,
        "json": true
      },
      "version": "6.2.0"
    }
  }
}