{
  "stats": {
    "suites": 1,
    "tests": 2,
    "passes": 2,
    "pending": 0,
    "failures": 0,
    "start": "2025-04-28T10:05:16.869Z",
    "end": "2025-04-28T10:05:29.615Z",
    "duration": 12746,
    "testsRegistered": 2,
    "passPercent": 100,
    "pendingPercent": 0,
    "other": 0,
    "hasOther": false,
    "skipped": 0,
    "hasSkipped": false
  },
  "results": [
    {
      "uuid": "a7670829-392c-42a3-98ce-2066e0ac81c8",
      "title": "",
      "fullFile": "cypress\\tests\\order\\orderItem.js",
      "file": "cypress\\tests\\order\\orderItem.js",
      "beforeHooks": [],
      "afterHooks": [],
      "tests": [],
      "suites": [
        {
          "uuid": "4a3cfd18-aa76-427f-9eca-8b2b9582f23f",
          "title": "Order Item Component Test",
          "fullFile": "",
          "file": "",
          "beforeHooks": [],
          "afterHooks": [],
          "tests": [
            {
              "title": "order item as guest",
              "fullTitle": "Order Item Component Test order item as guest",
              "timedOut": null,
              "duration": 5848,
              "state": "passed",
              "speed": "medium",
              "pass": true,
              "fail": false,
              "pending": false,
              "context": null,
              "code": "purchaseItem();",
              "err": {},
              "uuid": "323b6dab-9de1-40a6-bf95-a8a0184a287b",
              "parentUUID": "4a3cfd18-aa76-427f-9eca-8b2b9582f23f",
              "isHook": false,
              "skipped": false
            },
            {
              "title": "Order item as loggin in user",
              "fullTitle": "Order Item Component Test Order item as loggin in user",
              "timedOut": null,
              "duration": 6656,
              "state": "passed",
              "speed": "medium",
              "pass": true,
              "fail": false,
              "pending": false,
              "context": null,
              "code": "//loggin\nconst LOGIN_CRED = {\n  username: 'ngoanh',\n  password: '123456'\n};\nconst {\n  username,\n  password\n} = LOGIN_CRED;\nlogin(username, password);\n// Purchase\npurchaseItem();",
              "err": {},
              "uuid": "b50bea8b-2f3d-47de-babb-7922a0523e1a",
              "parentUUID": "4a3cfd18-aa76-427f-9eca-8b2b9582f23f",
              "isHook": false,
              "skipped": false
            }
          ],
          "suites": [],
          "passes": [
            "323b6dab-9de1-40a6-bf95-a8a0184a287b",
            "b50bea8b-2f3d-47de-babb-7922a0523e1a"
          ],
          "failures": [],
          "pending": [],
          "skipped": [],
          "duration": 12504,
          "root": false,
          "rootEmpty": false,
          "_timeout": 2000
        }
      ],
      "passes": [],
      "failures": [],
      "pending": [],
      "skipped": [],
      "duration": 0,
      "root": true,
      "rootEmpty": true,
      "_timeout": 2000
    }
  ],
  "meta": {
    "mocha": {
      "version": "7.2.0"
    },
    "mochawesome": {
      "options": {
        "quiet": false,
        "reportFilename": "mochawesome",
        "saveHtml": false,
        "saveJson": true,
        "consoleReporter": "spec",
        "useInlineDiffs": false,
        "code": true
      },
      "version": "7.1.3"
    },
    "marge": {
      "options": {
        "reportDir": "results",
        "overwrite": false,
        "html": false,
        "json": true
      },
      "version": "6.2.0"
    }
  }
}