{
  "stats": {
    "suites": 1,
    "tests": 2,
    "passes": 2,
    "pending": 0,
    "failures": 0,
    "start": "2025-04-28T09:57:51.507Z",
    "end": "2025-04-28T09:57:55.538Z",
    "duration": 4031,
    "testsRegistered": 2,
    "passPercent": 100,
    "pendingPercent": 0,
    "other": 0,
    "hasOther": false,
    "skipped": 0,
    "hasSkipped": false
  },
  "results": [
    {
      "uuid": "381cbd98-3d29-4e44-b4da-915d0f645c72",
      "title": "",
      "fullFile": "cypress\\tests\\signup\\signUpTest.js",
      "file": "cypress\\tests\\signup\\signUpTest.js",
      "beforeHooks": [],
      "afterHooks": [],
      "tests": [],
      "suites": [
        {
          "uuid": "542e3381-2bb0-4179-909d-eda756062362",
          "title": "SignUp Test",
          "fullFile": "",
          "file": "",
          "beforeHooks": [],
          "afterHooks": [],
          "tests": [
            {
              "title": "should be able to login with correct creds",
              "fullTitle": "SignUp Test should be able to login with correct creds",
              "timedOut": null,
              "duration": 1992,
              "state": "passed",
              "speed": "fast",
              "pass": true,
              "fail": false,
              "pending": false,
              "context": null,
              "code": "const {\n  username,\n  password\n} = SIGN_UP_CRED;\nsignup(username, password);\ncy.on('window:alert', alert => {\n  expect(alert).to.contains(\"Sign up succesful.\");\n});",
              "err": {},
              "uuid": "2d281cfa-e5d9-4fc3-8c86-e84e3e461090",
              "parentUUID": "542e3381-2bb0-4179-909d-eda756062362",
              "isHook": false,
              "skipped": false
            },
            {
              "title": "should be able to login with correct creds",
              "fullTitle": "SignUp Test should be able to login with correct creds",
              "timedOut": null,
              "duration": 1888,
              "state": "passed",
              "speed": "fast",
              "pass": true,
              "fail": false,
              "pending": false,
              "context": null,
              "code": "const {\n  password\n} = SIGN_UP_CRED;\nsignup(\"ngoanh\", password);\ncy.on('window:alert', alert => {\n  expect(alert).to.contains(\"This user already exist.\");\n});",
              "err": {},
              "uuid": "40537de4-a3b9-4fea-bc70-0ab41c8bd49f",
              "parentUUID": "542e3381-2bb0-4179-909d-eda756062362",
              "isHook": false,
              "skipped": false
            }
          ],
          "suites": [],
          "passes": [
            "2d281cfa-e5d9-4fc3-8c86-e84e3e461090",
            "40537de4-a3b9-4fea-bc70-0ab41c8bd49f"
          ],
          "failures": [],
          "pending": [],
          "skipped": [],
          "duration": 3880,
          "root": false,
          "rootEmpty": false,
          "_timeout": 2000
        }
      ],
      "passes": [],
      "failures": [],
      "pending": [],
      "skipped": [],
      "duration": 0,
      "root": true,
      "rootEmpty": true,
      "_timeout": 2000
    }
  ],
  "meta": {
    "mocha": {
      "version": "7.2.0"
    },
    "mochawesome": {
      "options": {
        "quiet": false,
        "reportFilename": "mochawesome",
        "saveHtml": false,
        "saveJson": true,
        "consoleReporter": "spec",
        "useInlineDiffs": false,
        "code": true
      },
      "version": "7.1.3"
    },
    "marge": {
      "options": {
        "reportDir": "results",
        "overwrite": false,
        "html": false,
        "json": true
      },
      "version": "6.2.0"
    }
  }
}