{
  "stats": {
    "suites": 1,
    "tests": 2,
    "passes": 2,
    "pending": 0,
    "failures": 0,
    "start": "2025-04-28T10:05:35.270Z",
    "end": "2025-04-28T10:05:37.130Z",
    "duration": 1860,
    "testsRegistered": 2,
    "passPercent": 100,
    "pendingPercent": 0,
    "other": 0,
    "hasOther": false,
    "skipped": 0,
    "hasSkipped": false
  },
  "results": [
    {
      "uuid": "707cd6d6-5833-4c9c-a245-6c218ac83ba9",
      "title": "",
      "fullFile": "cypress\\tests\\components\\headerTest.js",
      "file": "cypress\\tests\\components\\headerTest.js",
      "beforeHooks": [],
      "afterHooks": [],
      "tests": [],
      "suites": [
        {
          "uuid": "43bdc520-81ac-4f6e-b625-ec179ca7dde7",
          "title": "Header Component Test",
          "fullFile": "",
          "file": "",
          "beforeHooks": [],
          "afterHooks": [],
          "tests": [
            {
              "title": "Test for brand logo",
              "fullTitle": "Header Component Test Test for brand logo",
              "timedOut": null,
              "duration": 1350,
              "state": "passed",
              "speed": "fast",
              "pass": true,
              "fail": false,
              "pending": false,
              "context": null,
              "code": "headerComp.brandLogoImg().should('be.visible');\nheaderComp.brandLogo().should('contain.text', BRAND_TEXT);",
              "err": {},
              "uuid": "08918b5c-8d0a-476b-b567-20271bcea126",
              "parentUUID": "43bdc520-81ac-4f6e-b625-ec179ca7dde7",
              "isHook": false,
              "skipped": false
            },
            {
              "title": "Test for header menu",
              "fullTitle": "Header Component Test Test for header menu",
              "timedOut": null,
              "duration": 348,
              "state": "passed",
              "speed": "fast",
              "pass": true,
              "fail": false,
              "pending": false,
              "context": null,
              "code": "const expectedMenuDetail = [{\n  \"text\": \"Home (current)\",\n  \"href\": \"index.html\"\n}, {\n  \"text\": \"Contact\",\n  \"href\": \"#\"\n}, {\n  \"text\": \"About us\",\n  \"href\": \"#\"\n}, {\n  \"text\": \"Cart\",\n  \"href\": \"cart.html\"\n}, {\n  \"text\": \"Log in\",\n  \"href\": \"#\"\n}, {\n  \"text\": \"Sign up\",\n  \"href\": \"#\"\n}];\nheaderComp.getMenuDetails().then(actualMenuDetails => {\n  cy.wrap('').then(() => {\n    expect(actualMenuDetails).to.be.deep.equal(expectedMenuDetail);\n  });\n});",
              "err": {},
              "uuid": "5bfc5c08-b13d-4141-89af-4a1e23c0a6f3",
              "parentUUID": "43bdc520-81ac-4f6e-b625-ec179ca7dde7",
              "isHook": false,
              "skipped": false
            }
          ],
          "suites": [],
          "passes": [
            "08918b5c-8d0a-476b-b567-20271bcea126",
            "5bfc5c08-b13d-4141-89af-4a1e23c0a6f3"
          ],
          "failures": [],
          "pending": [],
          "skipped": [],
          "duration": 1698,
          "root": false,
          "rootEmpty": false,
          "_timeout": 2000
        }
      ],
      "passes": [],
      "failures": [],
      "pending": [],
      "skipped": [],
      "duration": 0,
      "root": true,
      "rootEmpty": true,
      "_timeout": 2000
    }
  ],
  "meta": {
    "mocha": {
      "version": "7.2.0"
    },
    "mochawesome": {
      "options": {
        "quiet": false,
        "reportFilename": "mochawesome",
        "saveHtml": false,
        "saveJson": true,
        "consoleReporter": "spec",
        "useInlineDiffs": false,
        "code": true
      },
      "version": "7.1.3"
    },
    "marge": {
      "options": {
        "reportDir": "results",
        "overwrite": false,
        "html": false,
        "json": true
      },
      "version": "6.2.0"
    }
  }
}