{
  "stats": {
    "suites": 1,
    "tests": 2,
    "passes": 2,
    "pending": 0,
    "failures": 0,
    "start": "2025-04-28T09:58:24.497Z",
    "end": "2025-04-28T09:58:26.789Z",
    "duration": 2292,
    "testsRegistered": 2,
    "passPercent": 100,
    "pendingPercent": 0,
    "other": 0,
    "hasOther": false,
    "skipped": 0,
    "hasSkipped": false
  },
  "results": [
    {
      "uuid": "de7668b1-f1d1-4a9f-9827-493948c59ca0",
      "title": "",
      "fullFile": "cypress\\tests\\components\\headerTest.js",
      "file": "cypress\\tests\\components\\headerTest.js",
      "beforeHooks": [],
      "afterHooks": [],
      "tests": [],
      "suites": [
        {
          "uuid": "270a1667-e0c4-4f38-9a20-a5d5f1a2b4ee",
          "title": "Header Component Test",
          "fullFile": "",
          "file": "",
          "beforeHooks": [],
          "afterHooks": [],
          "tests": [
            {
              "title": "Test for brand logo",
              "fullTitle": "Header Component Test Test for brand logo",
              "timedOut": null,
              "duration": 1767,
              "state": "passed",
              "speed": "fast",
              "pass": true,
              "fail": false,
              "pending": false,
              "context": null,
              "code": "headerComp.brandLogoImg().should('be.visible');\nheaderComp.brandLogo().should('contain.text', BRAND_TEXT);",
              "err": {},
              "uuid": "a6495294-58a4-46c3-8998-eee234a0384b",
              "parentUUID": "270a1667-e0c4-4f38-9a20-a5d5f1a2b4ee",
              "isHook": false,
              "skipped": false
            },
            {
              "title": "Test for header menu",
              "fullTitle": "Header Component Test Test for header menu",
              "timedOut": null,
              "duration": 381,
              "state": "passed",
              "speed": "fast",
              "pass": true,
              "fail": false,
              "pending": false,
              "context": null,
              "code": "const expectedMenuDetail = [{\n  \"text\": \"Home (current)\",\n  \"href\": \"index.html\"\n}, {\n  \"text\": \"Contact\",\n  \"href\": \"#\"\n}, {\n  \"text\": \"About us\",\n  \"href\": \"#\"\n}, {\n  \"text\": \"Cart\",\n  \"href\": \"cart.html\"\n}, {\n  \"text\": \"Log in\",\n  \"href\": \"#\"\n}, {\n  \"text\": \"Sign up\",\n  \"href\": \"#\"\n}];\nheaderComp.getMenuDetails().then(actualMenuDetails => {\n  cy.wrap('').then(() => {\n    expect(actualMenuDetails).to.be.deep.equal(expectedMenuDetail);\n  });\n});",
              "err": {},
              "uuid": "1f912d9b-4136-4046-806b-441a5a2d7086",
              "parentUUID": "270a1667-e0c4-4f38-9a20-a5d5f1a2b4ee",
              "isHook": false,
              "skipped": false
            }
          ],
          "suites": [],
          "passes": [
            "a6495294-58a4-46c3-8998-eee234a0384b",
            "1f912d9b-4136-4046-806b-441a5a2d7086"
          ],
          "failures": [],
          "pending": [],
          "skipped": [],
          "duration": 2148,
          "root": false,
          "rootEmpty": false,
          "_timeout": 2000
        }
      ],
      "passes": [],
      "failures": [],
      "pending": [],
      "skipped": [],
      "duration": 0,
      "root": true,
      "rootEmpty": true,
      "_timeout": 2000
    }
  ],
  "meta": {
    "mocha": {
      "version": "7.2.0"
    },
    "mochawesome": {
      "options": {
        "quiet": false,
        "reportFilename": "mochawesome",
        "saveHtml": false,
        "saveJson": true,
        "consoleReporter": "spec",
        "useInlineDiffs": false,
        "code": true
      },
      "version": "7.1.3"
    },
    "marge": {
      "options": {
        "reportDir": "results",
        "overwrite": false,
        "html": false,
        "json": true
      },
      "version": "6.2.0"
    }
  }
}