{
  "stats": {
    "suites": 1,
    "tests": 3,
    "passes": 3,
    "pending": 0,
    "failures": 0,
    "start": "2025-04-28T10:05:08.331Z",
    "end": "2025-04-28T10:05:14.588Z",
    "duration": 6257,
    "testsRegistered": 3,
    "passPercent": 100,
    "pendingPercent": 0,
    "other": 0,
    "hasOther": false,
    "skipped": 0,
    "hasSkipped": false
  },
  "results": [
    {
      "uuid": "8e6cbb5f-8e53-4b09-8f75-33d8b5895777",
      "title": "",
      "fullFile": "cypress\\tests\\authen\\loginTest.js",
      "file": "cypress\\tests\\authen\\loginTest.js",
      "beforeHooks": [],
      "afterHooks": [],
      "tests": [],
      "suites": [
        {
          "uuid": "2e6ecc53-9486-4464-a4b0-7d4bfd52bb45",
          "title": "Login Test",
          "fullFile": "",
          "file": "",
          "beforeHooks": [],
          "afterHooks": [],
          "tests": [
            {
              "title": "should be able to login with correct creds",
              "fullTitle": "Login Test should be able to login with correct creds",
              "timedOut": null,
              "duration": 4091,
              "state": "passed",
              "speed": "fast",
              "pass": true,
              "fail": false,
              "pending": false,
              "context": null,
              "code": "const {\n  username,\n  password\n} = LOGIN_CRED;\nlogin(username, password);\nheaderComp.nameUser().should('be.visible');\nheaderComp.nameUser().should('contain.text', `Welcome ${LOGIN_CRED.username}`);",
              "err": {},
              "uuid": "0d0ca1cf-bd59-42c6-85cf-d1136431a7a1",
              "parentUUID": "2e6ecc53-9486-4464-a4b0-7d4bfd52bb45",
              "isHook": false,
              "skipped": false
            },
            {
              "title": "should be able to login with correct creds",
              "fullTitle": "Login Test should be able to login with correct creds",
              "timedOut": null,
              "duration": 1085,
              "state": "passed",
              "speed": "fast",
              "pass": true,
              "fail": false,
              "pending": false,
              "context": null,
              "code": "const {\n  username,\n  password\n} = LOGIN_CRED;\nlogin(username + \"_123\", password);\ncy.on('window:alert', alert => {\n  expect(alert).to.contains(\"User does not exist.\");\n});",
              "err": {},
              "uuid": "6b9f1997-ebc7-47cb-9ca9-7f2176718d43",
              "parentUUID": "2e6ecc53-9486-4464-a4b0-7d4bfd52bb45",
              "isHook": false,
              "skipped": false
            },
            {
              "title": "should be able to login with correct creds",
              "fullTitle": "Login Test should be able to login with correct creds",
              "timedOut": null,
              "duration": 943,
              "state": "passed",
              "speed": "fast",
              "pass": true,
              "fail": false,
              "pending": false,
              "context": null,
              "code": "const {\n  username,\n  password\n} = LOGIN_CRED;\nlogin(username, password + \"-123\");\ncy.on('window:alert', alert => {\n  expect(alert).to.contains(\"Wrong password.\");\n});",
              "err": {},
              "uuid": "863b71a1-243a-4273-9e54-656b99f93806",
              "parentUUID": "2e6ecc53-9486-4464-a4b0-7d4bfd52bb45",
              "isHook": false,
              "skipped": false
            }
          ],
          "suites": [],
          "passes": [
            "0d0ca1cf-bd59-42c6-85cf-d1136431a7a1",
            "6b9f1997-ebc7-47cb-9ca9-7f2176718d43",
            "863b71a1-243a-4273-9e54-656b99f93806"
          ],
          "failures": [],
          "pending": [],
          "skipped": [],
          "duration": 6119,
          "root": false,
          "rootEmpty": false,
          "_timeout": 2000
        }
      ],
      "passes": [],
      "failures": [],
      "pending": [],
      "skipped": [],
      "duration": 0,
      "root": true,
      "rootEmpty": true,
      "_timeout": 2000
    }
  ],
  "meta": {
    "mocha": {
      "version": "7.2.0"
    },
    "mochawesome": {
      "options": {
        "quiet": false,
        "reportFilename": "mochawesome",
        "saveHtml": false,
        "saveJson": true,
        "consoleReporter": "spec",
        "useInlineDiffs": false,
        "code": true
      },
      "version": "7.1.3"
    },
    "marge": {
      "options": {
        "reportDir": "results",
        "overwrite": false,
        "html": false,
        "json": true
      },
      "version": "6.2.0"
    }
  }
}