{
  "stats": {
    "suites": 1,
    "tests": 2,
    "passes": 2,
    "pending": 0,
    "failures": 0,
    "start": "2025-04-28T10:05:53.254Z",
    "end": "2025-04-28T10:05:56.660Z",
    "duration": 3406,
    "testsRegistered": 2,
    "passPercent": 100,
    "pendingPercent": 0,
    "other": 0,
    "hasOther": false,
    "skipped": 0,
    "hasSkipped": false
  },
  "results": [
    {
      "uuid": "1bb8bf1c-c501-49a1-9966-8179f4ff1ae3",
      "title": "",
      "fullFile": "cypress\\tests\\signup\\signUpTest.js",
      "file": "cypress\\tests\\signup\\signUpTest.js",
      "beforeHooks": [],
      "afterHooks": [],
      "tests": [],
      "suites": [
        {
          "uuid": "fe245d9a-6090-470e-9458-b553a998a4ff",
          "title": "SignUp Test",
          "fullFile": "",
          "file": "",
          "beforeHooks": [],
          "afterHooks": [],
          "tests": [
            {
              "title": "should be able to login with correct creds",
              "fullTitle": "SignUp Test should be able to login with correct creds",
              "timedOut": null,
              "duration": 2251,
              "state": "passed",
              "speed": "fast",
              "pass": true,
              "fail": false,
              "pending": false,
              "context": null,
              "code": "const {\n  username,\n  password\n} = SIGN_UP_CRED;\nsignup(username, password);\ncy.on('window:alert', alert => {\n  expect(alert).to.contains(\"Sign up succesful.\");\n});",
              "err": {},
              "uuid": "da0f10b0-1a93-4f3e-a5e1-e47c5442612e",
              "parentUUID": "fe245d9a-6090-470e-9458-b553a998a4ff",
              "isHook": false,
              "skipped": false
            },
            {
              "title": "should be able to login with correct creds",
              "fullTitle": "SignUp Test should be able to login with correct creds",
              "timedOut": null,
              "duration": 1053,
              "state": "passed",
              "speed": "fast",
              "pass": true,
              "fail": false,
              "pending": false,
              "context": null,
              "code": "const {\n  password\n} = SIGN_UP_CRED;\nsignup(\"ngoanh\", password);\ncy.on('window:alert', alert => {\n  expect(alert).to.contains(\"This user already exist.\");\n});",
              "err": {},
              "uuid": "ef736a47-fb0e-4b8c-bb74-c31312d97a30",
              "parentUUID": "fe245d9a-6090-470e-9458-b553a998a4ff",
              "isHook": false,
              "skipped": false
            }
          ],
          "suites": [],
          "passes": [
            "da0f10b0-1a93-4f3e-a5e1-e47c5442612e",
            "ef736a47-fb0e-4b8c-bb74-c31312d97a30"
          ],
          "failures": [],
          "pending": [],
          "skipped": [],
          "duration": 3304,
          "root": false,
          "rootEmpty": false,
          "_timeout": 2000
        }
      ],
      "passes": [],
      "failures": [],
      "pending": [],
      "skipped": [],
      "duration": 0,
      "root": true,
      "rootEmpty": true,
      "_timeout": 2000
    }
  ],
  "meta": {
    "mocha": {
      "version": "7.2.0"
    },
    "mochawesome": {
      "options": {
        "quiet": false,
        "reportFilename": "mochawesome",
        "saveHtml": false,
        "saveJson": true,
        "consoleReporter": "spec",
        "useInlineDiffs": false,
        "code": true
      },
      "version": "7.1.3"
    },
    "marge": {
      "options": {
        "reportDir": "results",
        "overwrite": false,
        "html": false,
        "json": true
      },
      "version": "6.2.0"
    }
  }
}